<?xml version="1.0" encoding="UTF-8"?>
<!-- Generated by org.testng.reporters.JUnitReportReporter -->
<testsuite hostname="Rupali" failures="0" tests="2" name="IncludeExcludeinclasslevel.InEx2" time="0.069" errors="0" timestamp="2022-07-25T21:26:31 IST" skipped="0">
  <testcase classname="IncludeExcludeinclasslevel.InEx2" name="G" time="0.010"/>
  <system-out>
    <![CDATA[G is running]]>
  </system-out>
  <testcase classname="IncludeExcludeinclasslevel.InEx2" name="I" time="0.059"/>
  <system-out>
    <![CDATA[I is running]]>
  </system-out>
</testsuite> <!-- IncludeExcludeinclasslevel.InEx2 -->
