<?xml version="1.0" encoding="UTF-8"?>
<!-- Generated by org.testng.reporters.JUnitReportReporter -->
<testsuite hostname="Rupali" failures="0" tests="1" name="FailledTestCaseXML.testcase2" time="0.026" errors="0" timestamp="2022-08-01T15:16:04 IST" skipped="0">
  <testcase classname="FailledTestCaseXML.testcase2" name="E" time="0.026"/>
  <system-out>
    <![CDATA[E is running]]>
  </system-out>
</testsuite> <!-- FailledTestCaseXML.testcase2 -->
