<?xml version="1.0" encoding="UTF-8"?>
<!-- Generated by org.testng.reporters.JUnitReportReporter -->
<testsuite hostname="Rupali" failures="0" tests="1" name="TestNG.PaytmloginwithTestNG2" time="20.592" errors="0" timestamp="2022-07-24T19:37:23 IST" skipped="0">
  <testcase classname="TestNG.PaytmloginwithTestNG2" name="Kitelogin" time="20.592"/>
  <system-out/>
</testsuite> <!-- TestNG.PaytmloginwithTestNG2 -->
