<?xml version="1.0" encoding="UTF-8"?>
<!-- Generated by org.testng.reporters.JUnitReportReporter -->
<testsuite hostname="Rupali" failures="0" tests="1" name="Annotation.annotationeg3" time="0.063" errors="0" timestamp="2022-07-23T09:28:31 IST" skipped="0">
  <testcase classname="Annotation.annotationeg3" name="mymethod" time="0.063"/>
  <system-out>
    <![CDATA[mymethod is running]]>
  </system-out>
</testsuite> <!-- Annotation.annotationeg3 -->
