<?xml version="1.0" encoding="UTF-8"?>
<!-- Generated by org.testng.reporters.JUnitReportReporter -->
<testsuite hostname="Rupali" failures="0" tests="2" name="GroupingXML.GRP1" time="0.035" errors="0" timestamp="2022-08-02T15:34:37 IST" skipped="0">
  <testcase classname="GroupingXML.GRP1" name="D" time="0.004"/>
  <system-out>
    <![CDATA[D sanity is running]]>
  </system-out>
  <testcase classname="GroupingXML.GRP1" name="B" time="0.031"/>
  <system-out>
    <![CDATA[B regression is running]]>
  </system-out>
</testsuite> <!-- GroupingXML.GRP1 -->
