<?xml version="1.0" encoding="UTF-8"?>
<!-- Generated by org.testng.reporters.JUnitReportReporter -->
<testsuite hostname="Rupali" failures="0" tests="1" name="TestNG.ReporterDotloguse" time="0.082" errors="0" timestamp="2022-07-21T22:00:34 IST" skipped="0">
  <testcase classname="TestNG.ReporterDotloguse" name="display" time="0.082"/>
  <system-out>
    <![CDATA[Hii using Reporter.log
this is another statement]]>
  </system-out>
</testsuite> <!-- TestNG.ReporterDotloguse -->
