<?xml version="1.0" encoding="UTF-8"?>
<!-- Generated by org.testng.reporters.JUnitReportReporter -->
<testsuite hostname="Rupali" failures="0" tests="1" name="TestNG.KiteloginwithTestNG" time="77.518" errors="0" timestamp="2022-07-29T12:42:14 IST" skipped="0">
  <testcase classname="TestNG.KiteloginwithTestNG" name="Kitelogin" time="77.518"/>
  <system-out/>
</testsuite> <!-- TestNG.KiteloginwithTestNG -->
