<?xml version="1.0" encoding="UTF-8"?>
<!-- Generated by org.testng.reporters.JUnitReportReporter -->
<testsuite hostname="Rupali" failures="0" tests="1" name="serialerexecution.kite1" time="42.526" errors="0" timestamp="2022-08-01T15:39:03 IST" skipped="0">
  <testcase classname="serialerexecution.kite1" name="Kitelogin" time="42.526"/>
  <system-out/>
</testsuite> <!-- serialerexecution.kite1 -->
