<?xml version="1.0" encoding="UTF-8"?>
<!-- Generated by org.testng.reporters.JUnitReportReporter -->
<testsuite hostname="Rupali" failures="0" tests="1" name="serialerexecution.FB3" time="40.355" errors="0" timestamp="2022-08-01T15:39:03 IST" skipped="0">
  <testcase classname="serialerexecution.FB3" name="Kitelogin" time="40.355"/>
  <system-out/>
</testsuite> <!-- serialerexecution.FB3 -->
