<?xml version="1.0" encoding="UTF-8"?>
<!-- Generated by org.testng.reporters.JUnitReportReporter -->
<testsuite hostname="Rupali" failures="0" tests="1" name="Annotation.annotationstudy" time="0.055" errors="0" timestamp="2022-07-22T10:44:31 IST" skipped="0">
  <testcase classname="Annotation.annotationstudy" name="buyproduct" time="0.055"/>
  <system-out>
    <![CDATA[product is ordered and deliver soon]]>
  </system-out>
</testsuite> <!-- Annotation.annotationstudy -->
