<?xml version="1.0" encoding="UTF-8"?>
<!-- Generated by org.testng.reporters.JUnitReportReporter -->
<testsuite hostname="Rupali" failures="0" tests="1" name="AssertTestNG.trueADNflasemethod" time="0.044" errors="0" timestamp="2022-07-27T20:16:13 IST" skipped="0">
  <testcase classname="AssertTestNG.trueADNflasemethod" name="TrueANDflase" time="0.044"/>
  <system-out/>
</testsuite> <!-- AssertTestNG.trueADNflasemethod -->
