<?xml version="1.0" encoding="UTF-8"?>
<!-- Generated by org.testng.reporters.JUnitReportReporter -->
<testsuite hostname="Rupali" failures="0" tests="1" name="GroupingXML.GRP2" time="0.003" errors="0" timestamp="2022-08-02T15:34:37 IST" skipped="0">
  <testcase classname="GroupingXML.GRP2" name="G" time="0.003"/>
  <system-out>
    <![CDATA[G is running]]>
  </system-out>
</testsuite> <!-- GroupingXML.GRP2 -->
