<?xml version="1.0" encoding="UTF-8"?>
<!-- Generated by org.testng.reporters.JUnitReportReporter -->
<testsuite hostname="Rupali" failures="0" tests="1" name="GroupingXML.GRP3" time="0.032" errors="0" timestamp="2022-08-02T15:33:37 IST" skipped="0">
  <testcase classname="GroupingXML.GRP3" name="L" time="0.032"/>
  <system-out>
    <![CDATA[L is running]]>
  </system-out>
</testsuite> <!-- GroupingXML.GRP3 -->
