<?xml version="1.0" encoding="UTF-8"?>
<!-- Generated by org.testng.reporters.JUnitReportReporter -->
<testsuite hostname="Rupali" failures="0" tests="2" name="IncludeExcludeinclasslevel.InEx3" time="0.033" errors="0" timestamp="2022-07-25T21:26:31 IST" skipped="0">
  <testcase classname="IncludeExcludeinclasslevel.InEx3" name="L" time="0.021"/>
  <system-out>
    <![CDATA[L is running]]>
  </system-out>
  <testcase classname="IncludeExcludeinclasslevel.InEx3" name="O" time="0.012"/>
  <system-out>
    <![CDATA[O is running]]>
  </system-out>
</testsuite> <!-- IncludeExcludeinclasslevel.InEx3 -->
