<?xml version="1.0" encoding="UTF-8"?>
<!-- Generated by org.testng.reporters.JUnitReportReporter -->
<testsuite hostname="Rupali" failures="0" tests="1" name="TestNG.FacebookloginwithTestNG" time="46.083" errors="0" timestamp="2022-07-24T19:37:23 IST" skipped="0">
  <testcase classname="TestNG.FacebookloginwithTestNG" name="Kitelogin" time="46.083"/>
  <system-out/>
</testsuite> <!-- TestNG.FacebookloginwithTestNG -->
