<?xml version="1.0" encoding="UTF-8"?>
<!-- Generated by org.testng.reporters.JUnitReportReporter -->
<testsuite hostname="Rupali" failures="0" tests="3" name="KeywordsTestNG.Innvocationcount" time="0.031" errors="0" timestamp="2022-07-25T11:47:31 IST" skipped="0">
  <testcase classname="KeywordsTestNG.Innvocationcount" name="Innvoke" time="0.009"/>
  <system-out>
    <![CDATA[Innvocation count keyword is used when wants to run a test multiple time]]>
  </system-out>
  <testcase classname="KeywordsTestNG.Innvocationcount" name="Innvoke" time="0.007"/>
  <system-out>
    <![CDATA[Innvocation count keyword is used when wants to run a test multiple time]]>
  </system-out>
  <testcase classname="KeywordsTestNG.Innvocationcount" name="Innvoke" time="0.015"/>
  <system-out>
    <![CDATA[Innvocation count keyword is used when wants to run a test multiple time]]>
  </system-out>
</testsuite> <!-- KeywordsTestNG.Innvocationcount -->
