<?xml version="1.0" encoding="UTF-8"?>
<!-- Generated by org.testng.reporters.JUnitReportReporter -->
<testsuite hostname="Rupali" failures="0" tests="2" name="Crossbrowsertesting.chromeANDfirefox" time="317.439" errors="0" timestamp="2022-07-30T12:21:16 IST" skipped="0">
  <testcase classname="Crossbrowsertesting.chromeANDfirefox" name="firefoxandchrome" time="169.813"/>
  <system-out/>
  <testcase classname="Crossbrowsertesting.chromeANDfirefox" name="firefoxandchrome" time="147.626"/>
  <system-out/>
</testsuite> <!-- Crossbrowsertesting.chromeANDfirefox -->
