<?xml version="1.0" encoding="UTF-8"?>
<!-- Generated by org.testng.reporters.JUnitReportReporter -->
<testsuite hostname="Rupali" failures="0" tests="3" name="KeywordsTestNG.Timeout" time="0.236" errors="0" timestamp="2022-07-23T09:46:42 IST" skipped="0">
  <testcase classname="KeywordsTestNG.Timeout" name="A" time="0.211"/>
  <system-out>
    <![CDATA[A is running]]>
  </system-out>
  <testcase classname="KeywordsTestNG.Timeout" name="C" time="0.003"/>
  <system-out>
    <![CDATA[C is running]]>
  </system-out>
  <testcase classname="KeywordsTestNG.Timeout" name="B" time="0.022"/>
  <system-out>
    <![CDATA[B is running]]>
  </system-out>
</testsuite> <!-- KeywordsTestNG.Timeout -->
