<?xml version="1.0" encoding="UTF-8"?>
<!-- Generated by org.testng.reporters.JUnitReportReporter -->
<testsuite hostname="Rupali" failures="0" tests="2" name="TestNGListener.Mumbai" time="0.017" errors="0" timestamp="2022-08-04T22:10:57 IST" skipped="0">
  <testcase classname="TestNGListener.Mumbai" name="ghanSoli" time="0.011"/>
  <system-out>
    <![CDATA[TC execution is started ghanSoli
ghanSoli TC is running
TC is passesghanSoli]]>
  </system-out>
  <testcase classname="TestNGListener.Mumbai" name="Sanpada" time="0.006"/>
  <system-out>
    <![CDATA[TC execution is started Sanpada
Sanpada TC is running
TC is passesSanpada]]>
  </system-out>
</testsuite> <!-- TestNGListener.Mumbai -->
