<?xml version="1.0" encoding="UTF-8"?>
<!-- Generated by org.testng.reporters.JUnitReportReporter -->
<testsuite hostname="Rupali" failures="0" tests="1" name="AssertTestNG.nullANDnotnull" time="0.035" errors="0" timestamp="2022-07-27T20:22:23 IST" skipped="0">
  <testcase classname="AssertTestNG.nullANDnotnull" name="nullANDnotnullmethod" time="0.035"/>
  <system-out/>
</testsuite> <!-- AssertTestNG.nullANDnotnull -->
