<?xml version="1.0" encoding="UTF-8"?>
<!-- Generated by org.testng.reporters.JUnitReportReporter -->
<testsuite hostname="Rupali" failures="0" tests="3" name="KeywordsTestNG.enabled" time="0.020" errors="0" timestamp="2022-07-25T11:47:31 IST" skipped="1">
  <testcase classname="KeywordsTestNG.enabled" name="B" time="0.008"/>
  <system-out>
    <![CDATA[B is running]]>
  </system-out>
  <testcase classname="KeywordsTestNG.enabled" name="A" time="0.012"/>
  <system-out>
    <![CDATA[A is running]]>
  </system-out>
  <testcase classname="KeywordsTestNG.enabled" name="C">
    <skipped/>
  </testcase> <!-- C -->
  <system-out/>
</testsuite> <!-- KeywordsTestNG.enabled -->
