<?xml version="1.0" encoding="UTF-8"?>
<!-- Generated by org.testng.reporters.JUnitReportReporter -->
<testsuite hostname="Rupali" failures="0" tests="1" name="testclasseskitenew.ValidatekiteuserID" time="23.501" errors="0" timestamp="2022-08-02T11:52:34 IST" skipped="0">
  <testcase classname="testclasseskitenew.ValidatekiteuserID" name="Kiteuservalidation" time="23.501"/>
  <system-out>
    <![CDATA[Reading data from Excel
Taken Screenshot]]>
  </system-out>
</testsuite> <!-- testclasseskitenew.ValidatekiteuserID -->
