<?xml version="1.0" encoding="UTF-8"?>
<!-- Generated by org.testng.reporters.JUnitReportReporter -->
<testsuite hostname="Rupali" failures="0" tests="5" name="KeywordsTestNG.PriorityTestNG" time="0.154" errors="0" timestamp="2022-07-25T11:47:31 IST" skipped="0">
  <testcase classname="KeywordsTestNG.PriorityTestNG" name="E" time="0.076"/>
  <system-out>
    <![CDATA[E is running]]>
  </system-out>
  <testcase classname="KeywordsTestNG.PriorityTestNG" name="D" time="0.011"/>
  <system-out>
    <![CDATA[D is running]]>
  </system-out>
  <testcase classname="KeywordsTestNG.PriorityTestNG" name="B" time="0.018"/>
  <system-out>
    <![CDATA[B is running]]>
  </system-out>
  <testcase classname="KeywordsTestNG.PriorityTestNG" name="C" time="0.009"/>
  <system-out>
    <![CDATA[C is running]]>
  </system-out>
  <testcase classname="KeywordsTestNG.PriorityTestNG" name="A" time="0.040"/>
  <system-out>
    <![CDATA[A is running]]>
  </system-out>
</testsuite> <!-- KeywordsTestNG.PriorityTestNG -->
