<?xml version="1.0" encoding="UTF-8"?>
<!-- Generated by org.testng.reporters.JUnitReportReporter -->
<testsuite hostname="Rupali" failures="0" tests="2" name="Annotation.annotationeg2" time="0.057" errors="0" timestamp="2022-07-22T11:28:37 IST" skipped="0">
  <testcase classname="Annotation.annotationeg2" name="ValidatePIN" time="0.042"/>
  <system-out>
    <![CDATA[validate PIN]]>
  </system-out>
  <testcase classname="Annotation.annotationeg2" name="ValidateUSERID" time="0.015"/>
  <system-out>
    <![CDATA[validate userID]]>
  </system-out>
</testsuite> <!-- Annotation.annotationeg2 -->
